2020-06-10 17:54:26,036 - autofit.tools.pipeline - INFO - Running Phase phase_1__lens_sersic (Number 0)
2020-06-10 17:54:32,988 - /home/jammy/PycharmProjects/PyAuto/PyAutoFit/autofit/mapper/link.py - INFO - Source already existed
2020-06-10 17:54:32,989 - /home/jammy/PycharmProjects/PyAuto/PyAutoFit/autofit/mapper/link.py - INFO - Source already existed
2020-06-11 11:17:30,108 - autofit.tools.pipeline - INFO - Running Phase phase_1__lens_sersic (Number 0)
2020-06-11 11:18:03,588 - /home/jammy/PycharmProjects/PyAuto/PyAutoFit/autofit/mapper/link.py - INFO - Source already existed
2020-06-11 11:18:41,601 - /home/jammy/PycharmProjects/PyAuto/PyAutoFit/autofit/mapper/link.py - INFO - Source already existed
2020-06-11 11:18:41,602 - /home/jammy/PycharmProjects/PyAuto/PyAutoFit/autofit/mapper/link.py - INFO - Source already existed
2020-06-11 11:19:00,316 - autofit.tools.pipeline - INFO - Running Phase phase_1__lens_sersic (Number 0)
2020-06-11 11:19:01,761 - /home/jammy/PycharmProjects/PyAuto/PyAutoFit/autofit/mapper/link.py - INFO - Source already existed
2020-06-11 11:19:01,761 - /home/jammy/PycharmProjects/PyAuto/PyAutoFit/autofit/mapper/link.py - INFO - Source already existed
2020-06-11 11:19:12,378 - /home/jammy/PycharmProjects/PyAuto/PyAutoFit/autofit/mapper/link.py - INFO - Source already existed
2020-06-11 11:19:12,378 - /home/jammy/PycharmProjects/PyAuto/PyAutoFit/autofit/mapper/link.py - INFO - Source already existed
2020-06-11 11:19:23,195 - /home/jammy/PycharmProjects/PyAuto/PyAutoFit/autofit/mapper/link.py - INFO - Source already existed
2020-06-11 11:19:23,196 - /home/jammy/PycharmProjects/PyAuto/PyAutoFit/autofit/mapper/link.py - INFO - Source already existed
2020-06-11 11:19:37,627 - autofit.tools.pipeline - INFO - Running Phase phase_2__lens_sie__source_sersic (Number 1)
2020-06-11 11:20:52,774 - /home/jammy/PycharmProjects/PyAuto/PyAutoFit/autofit/mapper/link.py - INFO - Source already existed
2020-06-11 11:21:50,747 - /home/jammy/PycharmProjects/PyAuto/PyAutoFit/autofit/mapper/link.py - INFO - Source already existed
2020-06-11 11:22:20,685 - /home/jammy/PycharmProjects/PyAuto/PyAutoFit/autofit/mapper/link.py - INFO - Source already existed
2020-06-11 11:22:20,685 - /home/jammy/PycharmProjects/PyAuto/PyAutoFit/autofit/mapper/link.py - INFO - Source already existed
2020-06-11 11:23:47,607 - /home/jammy/PycharmProjects/PyAuto/PyAutoFit/autofit/mapper/link.py - INFO - Source already existed
2020-06-11 11:23:47,607 - /home/jammy/PycharmProjects/PyAuto/PyAutoFit/autofit/mapper/link.py - INFO - Source already existed
2020-06-11 11:23:51,991 - /home/jammy/PycharmProjects/PyAuto/PyAutoFit/autofit/mapper/link.py - INFO - Source already existed
2020-06-11 11:23:51,992 - /home/jammy/PycharmProjects/PyAuto/PyAutoFit/autofit/mapper/link.py - INFO - Source already existed
2020-06-11 11:25:24,032 - /home/jammy/PycharmProjects/PyAuto/PyAutoFit/autofit/mapper/link.py - INFO - Source already existed
2020-06-11 11:25:24,033 - /home/jammy/PycharmProjects/PyAuto/PyAutoFit/autofit/mapper/link.py - INFO - Source already existed
2020-06-11 11:25:29,169 - /home/jammy/PycharmProjects/PyAuto/PyAutoFit/autofit/mapper/link.py - INFO - Source already existed
2020-06-11 11:25:29,169 - /home/jammy/PycharmProjects/PyAuto/PyAutoFit/autofit/mapper/link.py - INFO - Source already existed
2020-06-11 11:25:38,672 - /home/jammy/PycharmProjects/PyAuto/PyAutoFit/autofit/mapper/link.py - INFO - Source already existed
2020-06-11 11:25:38,673 - /home/jammy/PycharmProjects/PyAuto/PyAutoFit/autofit/mapper/link.py - INFO - Source already existed
2020-06-11 11:25:47,909 - /home/jammy/PycharmProjects/PyAuto/PyAutoFit/autofit/mapper/link.py - INFO - Source already existed
2020-06-11 11:25:47,909 - /home/jammy/PycharmProjects/PyAuto/PyAutoFit/autofit/mapper/link.py - INFO - Source already existed
2020-06-11 11:26:02,464 - autofit.tools.pipeline - INFO - Running Phase phase_2__lens_sie__source_sersic (Number 1)
2020-06-11 11:26:59,480 - /home/jammy/PycharmProjects/PyAuto/PyAutoFit/autofit/mapper/link.py - INFO - Source already existed
2020-06-11 11:26:59,481 - /home/jammy/PycharmProjects/PyAuto/PyAutoFit/autofit/mapper/link.py - INFO - Source already existed
2020-06-11 11:28:30,160 - /home/jammy/PycharmProjects/PyAuto/PyAutoFit/autofit/mapper/link.py - INFO - Source already existed
2020-06-11 11:28:30,161 - /home/jammy/PycharmProjects/PyAuto/PyAutoFit/autofit/mapper/link.py - INFO - Source already existed
2020-06-11 11:29:58,934 - /home/jammy/PycharmProjects/PyAuto/PyAutoFit/autofit/mapper/link.py - INFO - Source already existed
2020-06-11 11:29:58,934 - /home/jammy/PycharmProjects/PyAuto/PyAutoFit/autofit/mapper/link.py - INFO - Source already existed
2020-06-11 11:31:27,429 - /home/jammy/PycharmProjects/PyAuto/PyAutoFit/autofit/mapper/link.py - INFO - Source already existed
2020-06-11 11:31:27,430 - /home/jammy/PycharmProjects/PyAuto/PyAutoFit/autofit/mapper/link.py - INFO - Source already existed
2020-06-11 11:32:56,150 - /home/jammy/PycharmProjects/PyAuto/PyAutoFit/autofit/mapper/link.py - INFO - Source already existed
2020-06-11 11:32:56,150 - /home/jammy/PycharmProjects/PyAuto/PyAutoFit/autofit/mapper/link.py - INFO - Source already existed
2020-06-11 11:34:24,218 - /home/jammy/PycharmProjects/PyAuto/PyAutoFit/autofit/mapper/link.py - INFO - Source already existed
2020-06-11 11:34:24,219 - /home/jammy/PycharmProjects/PyAuto/PyAutoFit/autofit/mapper/link.py - INFO - Source already existed
2020-06-11 11:35:52,586 - /home/jammy/PycharmProjects/PyAuto/PyAutoFit/autofit/mapper/link.py - INFO - Source already existed
2020-06-11 11:35:52,587 - /home/jammy/PycharmProjects/PyAuto/PyAutoFit/autofit/mapper/link.py - INFO - Source already existed
2020-06-11 11:37:21,761 - /home/jammy/PycharmProjects/PyAuto/PyAutoFit/autofit/mapper/link.py - INFO - Source already existed
2020-06-11 11:37:21,761 - /home/jammy/PycharmProjects/PyAuto/PyAutoFit/autofit/mapper/link.py - INFO - Source already existed
2020-06-11 11:37:47,112 - /home/jammy/PycharmProjects/PyAuto/PyAutoFit/autofit/mapper/link.py - INFO - Source already existed
2020-06-11 11:38:52,156 - /home/jammy/PycharmProjects/PyAuto/PyAutoFit/autofit/mapper/link.py - INFO - Source already existed
2020-06-11 11:38:52,157 - /home/jammy/PycharmProjects/PyAuto/PyAutoFit/autofit/mapper/link.py - INFO - Source already existed
2020-06-11 11:40:22,012 - /home/jammy/PycharmProjects/PyAuto/PyAutoFit/autofit/mapper/link.py - INFO - Source already existed
2020-06-11 11:40:22,013 - /home/jammy/PycharmProjects/PyAuto/PyAutoFit/autofit/mapper/link.py - INFO - Source already existed
2020-06-11 11:41:51,980 - /home/jammy/PycharmProjects/PyAuto/PyAutoFit/autofit/mapper/link.py - INFO - Source already existed
2020-06-11 11:41:51,980 - /home/jammy/PycharmProjects/PyAuto/PyAutoFit/autofit/mapper/link.py - INFO - Source already existed
2020-06-11 11:43:22,360 - /home/jammy/PycharmProjects/PyAuto/PyAutoFit/autofit/mapper/link.py - INFO - Source already existed
2020-06-11 11:43:22,361 - /home/jammy/PycharmProjects/PyAuto/PyAutoFit/autofit/mapper/link.py - INFO - Source already existed
2020-06-11 11:44:52,853 - /home/jammy/PycharmProjects/PyAuto/PyAutoFit/autofit/mapper/link.py - INFO - Source already existed
2020-06-11 11:44:52,854 - /home/jammy/PycharmProjects/PyAuto/PyAutoFit/autofit/mapper/link.py - INFO - Source already existed
2020-06-11 11:46:15,973 - /home/jammy/PycharmProjects/PyAuto/PyAutoFit/autofit/mapper/link.py - INFO - Source already existed
2020-06-11 11:46:15,974 - /home/jammy/PycharmProjects/PyAuto/PyAutoFit/autofit/mapper/link.py - INFO - Source already existed
2020-06-11 11:46:24,083 - /home/jammy/PycharmProjects/PyAuto/PyAutoFit/autofit/mapper/link.py - INFO - Source already existed
2020-06-11 11:46:24,084 - /home/jammy/PycharmProjects/PyAuto/PyAutoFit/autofit/mapper/link.py - INFO - Source already existed
2020-06-11 11:47:54,440 - /home/jammy/PycharmProjects/PyAuto/PyAutoFit/autofit/mapper/link.py - INFO - Source already existed
2020-06-11 11:47:54,441 - /home/jammy/PycharmProjects/PyAuto/PyAutoFit/autofit/mapper/link.py - INFO - Source already existed
2020-06-11 11:49:25,669 - /home/jammy/PycharmProjects/PyAuto/PyAutoFit/autofit/mapper/link.py - INFO - Source already existed
2020-06-11 11:49:25,670 - /home/jammy/PycharmProjects/PyAuto/PyAutoFit/autofit/mapper/link.py - INFO - Source already existed
2020-06-11 11:50:56,317 - /home/jammy/PycharmProjects/PyAuto/PyAutoFit/autofit/mapper/link.py - INFO - Source already existed
2020-06-11 11:50:56,318 - /home/jammy/PycharmProjects/PyAuto/PyAutoFit/autofit/mapper/link.py - INFO - Source already existed
2020-06-11 11:52:28,232 - /home/jammy/PycharmProjects/PyAuto/PyAutoFit/autofit/mapper/link.py - INFO - Source already existed
2020-06-11 11:52:28,234 - /home/jammy/PycharmProjects/PyAuto/PyAutoFit/autofit/mapper/link.py - INFO - Source already existed
2020-06-11 11:54:00,523 - /home/jammy/PycharmProjects/PyAuto/PyAutoFit/autofit/mapper/link.py - INFO - Source already existed
2020-06-11 11:54:00,524 - /home/jammy/PycharmProjects/PyAuto/PyAutoFit/autofit/mapper/link.py - INFO - Source already existed
2020-06-11 11:55:27,217 - /home/jammy/PycharmProjects/PyAuto/PyAutoFit/autofit/mapper/link.py - INFO - Source already existed
2020-06-11 11:55:27,217 - /home/jammy/PycharmProjects/PyAuto/PyAutoFit/autofit/mapper/link.py - INFO - Source already existed
2020-06-11 11:55:32,785 - /home/jammy/PycharmProjects/PyAuto/PyAutoFit/autofit/mapper/link.py - INFO - Source already existed
2020-06-11 11:55:32,786 - /home/jammy/PycharmProjects/PyAuto/PyAutoFit/autofit/mapper/link.py - INFO - Source already existed
2020-06-11 11:57:04,926 - /home/jammy/PycharmProjects/PyAuto/PyAutoFit/autofit/mapper/link.py - INFO - Source already existed
2020-06-11 11:57:04,928 - /home/jammy/PycharmProjects/PyAuto/PyAutoFit/autofit/mapper/link.py - INFO - Source already existed
2020-06-11 11:58:36,069 - /home/jammy/PycharmProjects/PyAuto/PyAutoFit/autofit/mapper/link.py - INFO - Source already existed
2020-06-11 11:58:36,070 - /home/jammy/PycharmProjects/PyAuto/PyAutoFit/autofit/mapper/link.py - INFO - Source already existed
2020-06-11 12:00:07,317 - /home/jammy/PycharmProjects/PyAuto/PyAutoFit/autofit/mapper/link.py - INFO - Source already existed
2020-06-11 12:00:07,318 - /home/jammy/PycharmProjects/PyAuto/PyAutoFit/autofit/mapper/link.py - INFO - Source already existed
2020-06-11 12:01:38,832 - /home/jammy/PycharmProjects/PyAuto/PyAutoFit/autofit/mapper/link.py - INFO - Source already existed
2020-06-11 12:01:38,833 - /home/jammy/PycharmProjects/PyAuto/PyAutoFit/autofit/mapper/link.py - INFO - Source already existed
2020-06-11 12:03:09,729 - /home/jammy/PycharmProjects/PyAuto/PyAutoFit/autofit/mapper/link.py - INFO - Source already existed
2020-06-11 12:03:09,731 - /home/jammy/PycharmProjects/PyAuto/PyAutoFit/autofit/mapper/link.py - INFO - Source already existed
2020-06-11 12:04:41,055 - /home/jammy/PycharmProjects/PyAuto/PyAutoFit/autofit/mapper/link.py - INFO - Source already existed
2020-06-11 12:04:41,056 - /home/jammy/PycharmProjects/PyAuto/PyAutoFit/autofit/mapper/link.py - INFO - Source already existed
2020-06-11 12:05:50,560 - /home/jammy/PycharmProjects/PyAuto/PyAutoFit/autofit/mapper/link.py - INFO - Source already existed
2020-06-11 12:05:50,561 - /home/jammy/PycharmProjects/PyAuto/PyAutoFit/autofit/mapper/link.py - INFO - Source already existed
2020-06-11 12:06:12,513 - /home/jammy/PycharmProjects/PyAuto/PyAutoFit/autofit/mapper/link.py - INFO - Source already existed
2020-06-11 12:06:12,514 - /home/jammy/PycharmProjects/PyAuto/PyAutoFit/autofit/mapper/link.py - INFO - Source already existed
2020-06-11 12:06:33,770 - /home/jammy/PycharmProjects/PyAuto/PyAutoFit/autofit/mapper/link.py - INFO - Source already existed
2020-06-11 12:06:33,771 - /home/jammy/PycharmProjects/PyAuto/PyAutoFit/autofit/mapper/link.py - INFO - Source already existed
2020-06-11 12:06:54,574 - /home/jammy/PycharmProjects/PyAuto/PyAutoFit/autofit/mapper/link.py - INFO - Source already existed
2020-06-11 12:06:54,575 - /home/jammy/PycharmProjects/PyAuto/PyAutoFit/autofit/mapper/link.py - INFO - Source already existed
2020-06-11 12:07:23,653 - autofit.tools.pipeline - INFO - Running Phase phase_3__lens_sersic_sie__source_sersic (Number 2)
2020-06-11 12:15:12,919 - /home/jammy/PycharmProjects/PyAuto/PyAutoFit/autofit/mapper/link.py - INFO - Source already existed
2020-06-11 12:15:12,920 - /home/jammy/PycharmProjects/PyAuto/PyAutoFit/autofit/mapper/link.py - INFO - Source already existed
2020-06-11 12:24:52,111 - /home/jammy/PycharmProjects/PyAuto/PyAutoFit/autofit/mapper/link.py - INFO - Source already existed
2020-06-11 12:24:52,112 - /home/jammy/PycharmProjects/PyAuto/PyAutoFit/autofit/mapper/link.py - INFO - Source already existed
2020-06-11 12:35:23,420 - autofit.tools.pipeline - INFO - Running Phase phase_1__lens_sersic (Number 0)
2020-06-11 12:35:42,022 - autofit.tools.pipeline - INFO - Running Phase phase_1__lens_sersic (Number 0)
2020-06-11 12:35:55,121 - autofit.tools.pipeline - INFO - Running Phase phase_2__lens_sie__source_sersic (Number 1)
2020-06-11 12:36:14,348 - autofit.tools.pipeline - INFO - Running Phase phase_2__lens_sie__source_sersic (Number 1)
2020-06-11 12:36:51,459 - autofit.tools.pipeline - INFO - Running Phase phase_3__lens_sersic_sie__source_sersic (Number 2)
2020-06-11 12:47:59,627 - autofit.tools.pipeline - INFO - Running Phase phase_1__lens_sersic (Number 0)
2020-06-11 12:48:07,218 - /home/jammy/PycharmProjects/PyAuto/PyAutoFit/autofit/mapper/link.py - INFO - Source already existed
2020-06-11 12:49:10,172 - autofit.tools.pipeline - INFO - Running Phase phase_1__lens_sersic (Number 0)
2020-06-11 12:49:16,917 - /home/jammy/PycharmProjects/PyAuto/PyAutoFit/autofit/mapper/link.py - INFO - Source already existed
2020-06-11 12:50:08,864 - autofit.tools.pipeline - INFO - Running Phase phase_1__lens_sersic (Number 0)
2020-06-11 12:50:16,435 - /home/jammy/PycharmProjects/PyAuto/PyAutoFit/autofit/mapper/link.py - INFO - Source already existed
2020-06-11 12:50:42,522 - autofit.tools.pipeline - INFO - Running Phase phase_1__lens_sersic (Number 0)
2020-06-11 12:50:49,422 - /home/jammy/PycharmProjects/PyAuto/PyAutoFit/autofit/mapper/link.py - INFO - Source already existed
2020-06-11 12:51:13,804 - autofit.tools.pipeline - INFO - Running Phase phase_2__lens_sie__source_sersic (Number 1)
2020-06-11 12:51:19,308 - /home/jammy/PycharmProjects/PyAuto/PyAutoFit/autofit/mapper/link.py - INFO - Source already existed
2020-06-11 12:52:09,162 - autofit.tools.pipeline - INFO - Running Phase phase_3__lens_sersic_sie__source_sersic (Number 2)
2020-06-11 12:53:50,525 - autofit.tools.pipeline - INFO - Running Phase phase_1__lens_sersic (Number 0)
2020-06-11 12:54:00,300 - /home/jammy/PycharmProjects/PyAuto/PyAutoFit/autofit/mapper/link.py - INFO - Source already existed
2020-06-11 12:54:29,074 - autofit.tools.pipeline - INFO - Running Phase phase_2__lens_sie__source_sersic (Number 1)
2020-06-11 12:54:34,576 - /home/jammy/PycharmProjects/PyAuto/PyAutoFit/autofit/mapper/link.py - INFO - Source already existed
2020-06-11 12:55:34,426 - autofit.tools.pipeline - INFO - Running Phase phase_3__lens_sersic_sie__source_sersic (Number 2)
2020-06-11 12:55:40,091 - /home/jammy/PycharmProjects/PyAuto/PyAutoFit/autofit/mapper/link.py - INFO - Source already existed
2020-06-11 12:56:02,742 - /home/jammy/PycharmProjects/PyAuto/PyAutoFit/autofit/mapper/link.py - INFO - Source already existed
2020-06-11 12:56:21,531 - /home/jammy/PycharmProjects/PyAuto/PyAutoFit/autofit/mapper/link.py - INFO - Source already existed
2020-06-11 12:56:21,532 - /home/jammy/PycharmProjects/PyAuto/PyAutoFit/autofit/mapper/link.py - INFO - Source already existed
2020-06-11 12:59:04,627 - autofit.tools.pipeline - INFO - Running Phase phase_1__lens_sersic (Number 0)
2020-06-11 12:59:10,905 - /home/jammy/PycharmProjects/PyAuto/PyAutoFit/autofit/mapper/link.py - INFO - Source already existed
2020-06-11 12:59:34,698 - autofit.tools.pipeline - INFO - Running Phase phase_2__lens_sie__source_sersic (Number 1)
2020-06-11 12:59:40,234 - /home/jammy/PycharmProjects/PyAuto/PyAutoFit/autofit/mapper/link.py - INFO - Source already existed
2020-06-11 13:00:30,559 - autofit.tools.pipeline - INFO - Running Phase phase_3__lens_sersic_sie__source_sersic (Number 2)
2020-06-11 13:00:36,250 - /home/jammy/PycharmProjects/PyAuto/PyAutoFit/autofit/mapper/link.py - INFO - Source already existed
2020-06-11 13:00:59,081 - /home/jammy/PycharmProjects/PyAuto/PyAutoFit/autofit/mapper/link.py - INFO - Source already existed
2020-06-11 13:01:18,082 - /home/jammy/PycharmProjects/PyAuto/PyAutoFit/autofit/mapper/link.py - INFO - Source already existed
2020-06-11 13:01:18,082 - /home/jammy/PycharmProjects/PyAuto/PyAutoFit/autofit/mapper/link.py - INFO - Source already existed
2020-06-11 13:02:59,470 - autofit.tools.pipeline - INFO - Running Phase phase_1__lens_sersic (Number 0)
2020-06-11 13:03:06,771 - /home/jammy/PycharmProjects/PyAuto/PyAutoFit/autofit/mapper/link.py - INFO - Source already existed
2020-06-11 13:03:31,210 - autofit.tools.pipeline - INFO - Running Phase phase_2__lens_sie__source_sersic (Number 1)
2020-06-11 13:03:36,763 - /home/jammy/PycharmProjects/PyAuto/PyAutoFit/autofit/mapper/link.py - INFO - Source already existed
2020-06-11 13:04:27,690 - autofit.tools.pipeline - INFO - Running Phase phase_3__lens_sersic_sie__source_sersic (Number 2)
2020-06-11 13:04:33,261 - /home/jammy/PycharmProjects/PyAuto/PyAutoFit/autofit/mapper/link.py - INFO - Source already existed
2020-06-11 13:04:33,419 - /home/jammy/PycharmProjects/PyAuto/PyAutoFit/autofit/mapper/link.py - INFO - Source already existed
2020-06-11 13:04:33,420 - /home/jammy/PycharmProjects/PyAuto/PyAutoFit/autofit/mapper/link.py - INFO - Source already existed
2020-06-11 13:04:51,989 - /home/jammy/PycharmProjects/PyAuto/PyAutoFit/autofit/mapper/link.py - INFO - Source already existed
2020-06-11 13:04:51,990 - /home/jammy/PycharmProjects/PyAuto/PyAutoFit/autofit/mapper/link.py - INFO - Source already existed
2020-06-11 13:05:10,893 - /home/jammy/PycharmProjects/PyAuto/PyAutoFit/autofit/mapper/link.py - INFO - Source already existed
2020-06-11 13:05:10,893 - /home/jammy/PycharmProjects/PyAuto/PyAutoFit/autofit/mapper/link.py - INFO - Source already existed
2020-06-11 13:05:51,232 - autofit.tools.pipeline - INFO - Running Phase phase_1__lens_sersic (Number 0)
2020-06-11 13:05:59,085 - /home/jammy/PycharmProjects/PyAuto/PyAutoFit/autofit/mapper/link.py - INFO - Source already existed
2020-06-11 13:06:30,872 - autofit.tools.pipeline - INFO - Running Phase phase_2__lens_sie__source_sersic (Number 1)
2020-06-11 13:06:37,231 - /home/jammy/PycharmProjects/PyAuto/PyAutoFit/autofit/mapper/link.py - INFO - Source already existed
2020-06-11 13:07:41,637 - autofit.tools.pipeline - INFO - Running Phase phase_3__lens_sersic_sie__source_sersic (Number 2)
2020-06-11 13:07:48,453 - /home/jammy/PycharmProjects/PyAuto/PyAutoFit/autofit/mapper/link.py - INFO - Source already existed
2020-06-11 13:07:48,638 - /home/jammy/PycharmProjects/PyAuto/PyAutoFit/autofit/mapper/link.py - INFO - Source already existed
2020-06-11 13:07:48,639 - /home/jammy/PycharmProjects/PyAuto/PyAutoFit/autofit/mapper/link.py - INFO - Source already existed
2020-06-11 13:08:33,046 - autofit.tools.pipeline - INFO - Running Phase phase_1__lens_sersic (Number 0)
2020-06-11 13:08:40,044 - /home/jammy/PycharmProjects/PyAuto/PyAutoFit/autofit/mapper/link.py - INFO - Source already existed
2020-06-11 13:09:05,304 - autofit.tools.pipeline - INFO - Running Phase phase_2__lens_sie__source_sersic (Number 1)
2020-06-11 13:09:11,086 - /home/jammy/PycharmProjects/PyAuto/PyAutoFit/autofit/mapper/link.py - INFO - Source already existed
2020-06-11 13:10:04,879 - autofit.tools.pipeline - INFO - Running Phase phase_3__lens_sersic_sie__source_sersic (Number 2)
2020-06-11 13:10:11,841 - /home/jammy/PycharmProjects/PyAuto/PyAutoFit/autofit/mapper/link.py - INFO - Source already existed
2020-06-11 13:20:40,494 - autofit.tools.pipeline - INFO - Running Phase phase_1__lens_sersic (Number 0)
2020-06-11 13:20:48,424 - /home/jammy/PycharmProjects/PyAuto/PyAutoFit/autofit/mapper/link.py - INFO - Source already existed
2020-06-11 13:21:20,962 - autofit.tools.pipeline - INFO - Running Phase phase_2__lens_sie__source_sersic (Number 1)
2020-06-11 13:21:27,717 - /home/jammy/PycharmProjects/PyAuto/PyAutoFit/autofit/mapper/link.py - INFO - Source already existed
2020-06-11 13:22:26,243 - autofit.tools.pipeline - INFO - Running Phase phase_3__lens_sersic_sie__source_sersic (Number 2)
2020-06-11 13:22:32,105 - /home/jammy/PycharmProjects/PyAuto/PyAutoFit/autofit/mapper/link.py - INFO - Source already existed
2020-06-11 13:24:13,253 - autofit.tools.pipeline - INFO - Running Phase phase_1__lens_sersic (Number 0)
2020-06-11 13:24:21,320 - /home/jammy/PycharmProjects/PyAuto/PyAutoFit/autofit/mapper/link.py - INFO - Source already existed
2020-06-11 13:24:53,431 - autofit.tools.pipeline - INFO - Running Phase phase_2__lens_sie__source_sersic (Number 1)
2020-06-11 13:25:00,008 - /home/jammy/PycharmProjects/PyAuto/PyAutoFit/autofit/mapper/link.py - INFO - Source already existed
2020-06-11 13:26:01,828 - autofit.tools.pipeline - INFO - Running Phase phase_3__lens_sersic_sie__source_sersic (Number 2)
2020-06-11 13:26:09,276 - /home/jammy/PycharmProjects/PyAuto/PyAutoFit/autofit/mapper/link.py - INFO - Source already existed
2020-06-11 13:26:52,993 - autofit.tools.pipeline - INFO - Running Phase phase_1__lens_sersic (Number 0)
2020-06-11 13:27:05,377 - /home/jammy/PycharmProjects/PyAuto/PyAutoFit/autofit/mapper/link.py - INFO - Source already existed
2020-06-11 13:27:39,685 - autofit.tools.pipeline - INFO - Running Phase phase_2__lens_sie__source_sersic (Number 1)
2020-06-11 13:27:47,218 - /home/jammy/PycharmProjects/PyAuto/PyAutoFit/autofit/mapper/link.py - INFO - Source already existed
2020-06-11 13:28:48,091 - autofit.tools.pipeline - INFO - Running Phase phase_3__lens_sersic_sie__source_sersic (Number 2)
2020-06-11 13:28:54,621 - /home/jammy/PycharmProjects/PyAuto/PyAutoFit/autofit/mapper/link.py - INFO - Source already existed
2020-06-11 13:31:04,378 - autofit.tools.pipeline - INFO - Running Phase phase_1__lens_sersic (Number 0)
2020-06-11 13:31:15,919 - /home/jammy/PycharmProjects/PyAuto/PyAutoFit/autofit/mapper/link.py - INFO - Source already existed
2020-06-11 13:31:45,057 - autofit.tools.pipeline - INFO - Running Phase phase_2__lens_sie__source_sersic (Number 1)
2020-06-11 13:31:51,961 - /home/jammy/PycharmProjects/PyAuto/PyAutoFit/autofit/mapper/link.py - INFO - Source already existed
2020-06-11 13:32:54,740 - autofit.tools.pipeline - INFO - Running Phase phase_3__lens_sersic_sie__source_sersic (Number 2)
2020-06-11 13:33:01,139 - /home/jammy/PycharmProjects/PyAuto/PyAutoFit/autofit/mapper/link.py - INFO - Source already existed
2020-06-11 13:33:02,946 - /home/jammy/PycharmProjects/PyAuto/PyAutoFit/autofit/mapper/link.py - INFO - Source already existed
2020-06-11 13:34:30,247 - autofit.tools.pipeline - INFO - Running Phase phase_1__lens_sersic (Number 0)
2020-06-11 13:34:44,049 - /home/jammy/PycharmProjects/PyAuto/PyAutoFit/autofit/mapper/link.py - INFO - Source already existed
2020-06-11 13:35:14,190 - autofit.tools.pipeline - INFO - Running Phase phase_2__lens_sie__source_sersic (Number 1)
2020-06-11 13:35:21,256 - /home/jammy/PycharmProjects/PyAuto/PyAutoFit/autofit/mapper/link.py - INFO - Source already existed
2020-06-11 13:36:28,838 - autofit.tools.pipeline - INFO - Running Phase phase_3__lens_sersic_sie__source_sersic (Number 2)
2020-06-11 13:36:38,124 - /home/jammy/PycharmProjects/PyAuto/PyAutoFit/autofit/mapper/link.py - INFO - Source already existed
2020-06-11 13:58:37,890 - autofit.tools.pipeline - INFO - Running Phase phase_1__lens_sersic (Number 0)
2020-06-11 13:58:46,114 - /home/jammy/PycharmProjects/PyAuto/PyAutoFit/autofit/mapper/link.py - INFO - Source already existed
2020-06-11 13:59:18,522 - autofit.tools.pipeline - INFO - Running Phase phase_2__lens_sie__source_sersic (Number 1)
2020-06-11 13:59:26,665 - /home/jammy/PycharmProjects/PyAuto/PyAutoFit/autofit/mapper/link.py - INFO - Source already existed
2020-06-11 14:01:00,832 - autofit.tools.pipeline - INFO - Running Phase phase_3__lens_sersic_sie__source_sersic (Number 2)
2020-06-11 14:01:09,516 - /home/jammy/PycharmProjects/PyAuto/PyAutoFit/autofit/mapper/link.py - INFO - Source already existed
2020-06-11 14:01:47,546 - /home/jammy/PycharmProjects/PyAuto/PyAutoFit/autofit/mapper/link.py - INFO - Source already existed
2020-06-11 14:02:56,354 - /home/jammy/PycharmProjects/PyAuto/PyAutoFit/autofit/mapper/link.py - INFO - Source already existed
2020-06-11 14:02:56,355 - /home/jammy/PycharmProjects/PyAuto/PyAutoFit/autofit/mapper/link.py - INFO - Source already existed
2020-06-11 14:04:19,849 - /home/jammy/PycharmProjects/PyAuto/PyAutoFit/autofit/mapper/link.py - INFO - Source already existed
2020-06-11 14:04:19,850 - /home/jammy/PycharmProjects/PyAuto/PyAutoFit/autofit/mapper/link.py - INFO - Source already existed
2020-06-11 14:06:26,478 - /home/jammy/PycharmProjects/PyAuto/PyAutoFit/autofit/mapper/link.py - INFO - Source already existed
2020-06-11 14:06:26,479 - /home/jammy/PycharmProjects/PyAuto/PyAutoFit/autofit/mapper/link.py - INFO - Source already existed
2020-06-11 14:08:33,603 - /home/jammy/PycharmProjects/PyAuto/PyAutoFit/autofit/mapper/link.py - INFO - Source already existed
2020-06-11 14:08:33,604 - /home/jammy/PycharmProjects/PyAuto/PyAutoFit/autofit/mapper/link.py - INFO - Source already existed
2020-06-11 14:10:44,099 - /home/jammy/PycharmProjects/PyAuto/PyAutoFit/autofit/mapper/link.py - INFO - Source already existed
2020-06-11 14:10:44,100 - /home/jammy/PycharmProjects/PyAuto/PyAutoFit/autofit/mapper/link.py - INFO - Source already existed
2020-06-11 14:12:53,382 - /home/jammy/PycharmProjects/PyAuto/PyAutoFit/autofit/mapper/link.py - INFO - Source already existed
2020-06-11 14:12:53,383 - /home/jammy/PycharmProjects/PyAuto/PyAutoFit/autofit/mapper/link.py - INFO - Source already existed
2020-06-11 14:14:22,164 - /home/jammy/PycharmProjects/PyAuto/PyAutoFit/autofit/mapper/link.py - INFO - Source already existed
2020-06-11 14:14:22,165 - /home/jammy/PycharmProjects/PyAuto/PyAutoFit/autofit/mapper/link.py - INFO - Source already existed
2020-06-11 14:16:27,757 - /home/jammy/PycharmProjects/PyAuto/PyAutoFit/autofit/mapper/link.py - INFO - Source already existed
2020-06-11 14:16:27,758 - /home/jammy/PycharmProjects/PyAuto/PyAutoFit/autofit/mapper/link.py - INFO - Source already existed
2020-06-11 14:18:58,400 - /home/jammy/PycharmProjects/PyAuto/PyAutoFit/autofit/mapper/link.py - INFO - Source already existed
2020-06-11 14:18:58,402 - /home/jammy/PycharmProjects/PyAuto/PyAutoFit/autofit/mapper/link.py - INFO - Source already existed
2020-06-11 14:21:38,338 - /home/jammy/PycharmProjects/PyAuto/PyAutoFit/autofit/mapper/link.py - INFO - Source already existed
2020-06-11 14:21:38,339 - /home/jammy/PycharmProjects/PyAuto/PyAutoFit/autofit/mapper/link.py - INFO - Source already existed
2020-06-11 14:24:00,859 - /home/jammy/PycharmProjects/PyAuto/PyAutoFit/autofit/mapper/link.py - INFO - Source already existed
2020-06-11 14:24:00,862 - /home/jammy/PycharmProjects/PyAuto/PyAutoFit/autofit/mapper/link.py - INFO - Source already existed
2020-06-11 14:26:26,543 - /home/jammy/PycharmProjects/PyAuto/PyAutoFit/autofit/mapper/link.py - INFO - Source already existed
2020-06-11 14:26:26,544 - /home/jammy/PycharmProjects/PyAuto/PyAutoFit/autofit/mapper/link.py - INFO - Source already existed
2020-06-11 14:28:49,728 - /home/jammy/PycharmProjects/PyAuto/PyAutoFit/autofit/mapper/link.py - INFO - Source already existed
2020-06-11 14:28:49,729 - /home/jammy/PycharmProjects/PyAuto/PyAutoFit/autofit/mapper/link.py - INFO - Source already existed
2020-06-11 14:31:22,543 - /home/jammy/PycharmProjects/PyAuto/PyAutoFit/autofit/mapper/link.py - INFO - Source already existed
2020-06-11 14:31:22,544 - /home/jammy/PycharmProjects/PyAuto/PyAutoFit/autofit/mapper/link.py - INFO - Source already existed
2020-06-11 14:33:29,778 - /home/jammy/PycharmProjects/PyAuto/PyAutoFit/autofit/mapper/link.py - INFO - Source already existed
2020-06-11 14:33:29,779 - /home/jammy/PycharmProjects/PyAuto/PyAutoFit/autofit/mapper/link.py - INFO - Source already existed
2020-06-11 14:35:52,188 - /home/jammy/PycharmProjects/PyAuto/PyAutoFit/autofit/mapper/link.py - INFO - Source already existed
2020-06-11 14:35:52,196 - /home/jammy/PycharmProjects/PyAuto/PyAutoFit/autofit/mapper/link.py - INFO - Source already existed
2020-06-11 14:38:09,571 - /home/jammy/PycharmProjects/PyAuto/PyAutoFit/autofit/mapper/link.py - INFO - Source already existed
2020-06-11 14:38:09,575 - /home/jammy/PycharmProjects/PyAuto/PyAutoFit/autofit/mapper/link.py - INFO - Source already existed
2020-06-11 14:40:29,400 - /home/jammy/PycharmProjects/PyAuto/PyAutoFit/autofit/mapper/link.py - INFO - Source already existed
2020-06-11 14:40:29,401 - /home/jammy/PycharmProjects/PyAuto/PyAutoFit/autofit/mapper/link.py - INFO - Source already existed
2020-06-11 14:42:32,713 - /home/jammy/PycharmProjects/PyAuto/PyAutoFit/autofit/mapper/link.py - INFO - Source already existed
2020-06-11 14:42:32,713 - /home/jammy/PycharmProjects/PyAuto/PyAutoFit/autofit/mapper/link.py - INFO - Source already existed
2020-06-11 14:44:36,100 - /home/jammy/PycharmProjects/PyAuto/PyAutoFit/autofit/mapper/link.py - INFO - Source already existed
2020-06-11 14:44:36,104 - /home/jammy/PycharmProjects/PyAuto/PyAutoFit/autofit/mapper/link.py - INFO - Source already existed
2020-06-11 14:46:55,631 - /home/jammy/PycharmProjects/PyAuto/PyAutoFit/autofit/mapper/link.py - INFO - Source already existed
2020-06-11 14:46:55,632 - /home/jammy/PycharmProjects/PyAuto/PyAutoFit/autofit/mapper/link.py - INFO - Source already existed
2020-06-11 14:49:13,940 - /home/jammy/PycharmProjects/PyAuto/PyAutoFit/autofit/mapper/link.py - INFO - Source already existed
2020-06-11 14:49:13,941 - /home/jammy/PycharmProjects/PyAuto/PyAutoFit/autofit/mapper/link.py - INFO - Source already existed
2020-06-11 14:51:24,277 - /home/jammy/PycharmProjects/PyAuto/PyAutoFit/autofit/mapper/link.py - INFO - Source already existed
2020-06-11 14:51:24,278 - /home/jammy/PycharmProjects/PyAuto/PyAutoFit/autofit/mapper/link.py - INFO - Source already existed
2020-06-11 14:53:10,280 - /home/jammy/PycharmProjects/PyAuto/PyAutoFit/autofit/mapper/link.py - INFO - Source already existed
2020-06-11 14:53:10,281 - /home/jammy/PycharmProjects/PyAuto/PyAutoFit/autofit/mapper/link.py - INFO - Source already existed
2020-06-11 14:55:14,693 - /home/jammy/PycharmProjects/PyAuto/PyAutoFit/autofit/mapper/link.py - INFO - Source already existed
2020-06-11 14:55:14,694 - /home/jammy/PycharmProjects/PyAuto/PyAutoFit/autofit/mapper/link.py - INFO - Source already existed
2020-06-11 14:57:25,903 - /home/jammy/PycharmProjects/PyAuto/PyAutoFit/autofit/mapper/link.py - INFO - Source already existed
2020-06-11 14:57:25,903 - /home/jammy/PycharmProjects/PyAuto/PyAutoFit/autofit/mapper/link.py - INFO - Source already existed
2020-06-11 14:59:58,971 - /home/jammy/PycharmProjects/PyAuto/PyAutoFit/autofit/mapper/link.py - INFO - Source already existed
2020-06-11 14:59:58,973 - /home/jammy/PycharmProjects/PyAuto/PyAutoFit/autofit/mapper/link.py - INFO - Source already existed
2020-06-11 15:02:23,437 - /home/jammy/PycharmProjects/PyAuto/PyAutoFit/autofit/mapper/link.py - INFO - Source already existed
2020-06-11 15:02:23,449 - /home/jammy/PycharmProjects/PyAuto/PyAutoFit/autofit/mapper/link.py - INFO - Source already existed
2020-06-11 15:04:54,115 - /home/jammy/PycharmProjects/PyAuto/PyAutoFit/autofit/mapper/link.py - INFO - Source already existed
2020-06-11 15:04:54,116 - /home/jammy/PycharmProjects/PyAuto/PyAutoFit/autofit/mapper/link.py - INFO - Source already existed
2020-06-11 15:07:52,298 - /home/jammy/PycharmProjects/PyAuto/PyAutoFit/autofit/mapper/link.py - INFO - Source already existed
2020-06-11 15:07:52,307 - /home/jammy/PycharmProjects/PyAuto/PyAutoFit/autofit/mapper/link.py - INFO - Source already existed
2020-06-11 15:10:47,238 - /home/jammy/PycharmProjects/PyAuto/PyAutoFit/autofit/mapper/link.py - INFO - Source already existed
2020-06-11 15:10:47,239 - /home/jammy/PycharmProjects/PyAuto/PyAutoFit/autofit/mapper/link.py - INFO - Source already existed
2020-06-11 15:13:58,441 - /home/jammy/PycharmProjects/PyAuto/PyAutoFit/autofit/mapper/link.py - INFO - Source already existed
2020-06-11 15:13:58,442 - /home/jammy/PycharmProjects/PyAuto/PyAutoFit/autofit/mapper/link.py - INFO - Source already existed
2020-06-11 15:16:18,027 - /home/jammy/PycharmProjects/PyAuto/PyAutoFit/autofit/mapper/link.py - INFO - Source already existed
2020-06-11 15:16:18,028 - /home/jammy/PycharmProjects/PyAuto/PyAutoFit/autofit/mapper/link.py - INFO - Source already existed
2020-06-11 15:18:52,218 - /home/jammy/PycharmProjects/PyAuto/PyAutoFit/autofit/mapper/link.py - INFO - Source already existed
2020-06-11 15:18:52,219 - /home/jammy/PycharmProjects/PyAuto/PyAutoFit/autofit/mapper/link.py - INFO - Source already existed
2020-06-11 15:22:04,792 - /home/jammy/PycharmProjects/PyAuto/PyAutoFit/autofit/mapper/link.py - INFO - Source already existed
2020-06-11 15:22:04,793 - /home/jammy/PycharmProjects/PyAuto/PyAutoFit/autofit/mapper/link.py - INFO - Source already existed
2020-06-11 15:24:43,774 - /home/jammy/PycharmProjects/PyAuto/PyAutoFit/autofit/mapper/link.py - INFO - Source already existed
2020-06-11 15:24:43,777 - /home/jammy/PycharmProjects/PyAuto/PyAutoFit/autofit/mapper/link.py - INFO - Source already existed
2020-06-11 15:27:09,018 - /home/jammy/PycharmProjects/PyAuto/PyAutoFit/autofit/mapper/link.py - INFO - Source already existed
2020-06-11 15:27:09,019 - /home/jammy/PycharmProjects/PyAuto/PyAutoFit/autofit/mapper/link.py - INFO - Source already existed
2020-06-11 15:29:13,506 - /home/jammy/PycharmProjects/PyAuto/PyAutoFit/autofit/mapper/link.py - INFO - Source already existed
2020-06-11 15:29:13,506 - /home/jammy/PycharmProjects/PyAuto/PyAutoFit/autofit/mapper/link.py - INFO - Source already existed
2020-06-11 15:31:49,505 - /home/jammy/PycharmProjects/PyAuto/PyAutoFit/autofit/mapper/link.py - INFO - Source already existed
2020-06-11 15:31:49,506 - /home/jammy/PycharmProjects/PyAuto/PyAutoFit/autofit/mapper/link.py - INFO - Source already existed
2020-06-11 15:34:27,107 - /home/jammy/PycharmProjects/PyAuto/PyAutoFit/autofit/mapper/link.py - INFO - Source already existed
2020-06-11 15:34:27,108 - /home/jammy/PycharmProjects/PyAuto/PyAutoFit/autofit/mapper/link.py - INFO - Source already existed
2020-06-11 15:37:09,675 - /home/jammy/PycharmProjects/PyAuto/PyAutoFit/autofit/mapper/link.py - INFO - Source already existed
2020-06-11 15:37:09,676 - /home/jammy/PycharmProjects/PyAuto/PyAutoFit/autofit/mapper/link.py - INFO - Source already existed
2020-06-11 15:39:33,154 - /home/jammy/PycharmProjects/PyAuto/PyAutoFit/autofit/mapper/link.py - INFO - Source already existed
2020-06-11 15:39:33,155 - /home/jammy/PycharmProjects/PyAuto/PyAutoFit/autofit/mapper/link.py - INFO - Source already existed
2020-06-11 15:41:59,134 - /home/jammy/PycharmProjects/PyAuto/PyAutoFit/autofit/mapper/link.py - INFO - Source already existed
2020-06-11 15:41:59,135 - /home/jammy/PycharmProjects/PyAuto/PyAutoFit/autofit/mapper/link.py - INFO - Source already existed
2020-06-11 15:44:48,057 - /home/jammy/PycharmProjects/PyAuto/PyAutoFit/autofit/mapper/link.py - INFO - Source already existed
2020-06-11 15:44:48,058 - /home/jammy/PycharmProjects/PyAuto/PyAutoFit/autofit/mapper/link.py - INFO - Source already existed
2020-06-11 15:47:30,181 - /home/jammy/PycharmProjects/PyAuto/PyAutoFit/autofit/mapper/link.py - INFO - Source already existed
2020-06-11 15:47:30,182 - /home/jammy/PycharmProjects/PyAuto/PyAutoFit/autofit/mapper/link.py - INFO - Source already existed
2020-06-11 15:50:07,403 - /home/jammy/PycharmProjects/PyAuto/PyAutoFit/autofit/mapper/link.py - INFO - Source already existed
2020-06-11 15:50:07,406 - /home/jammy/PycharmProjects/PyAuto/PyAutoFit/autofit/mapper/link.py - INFO - Source already existed
2020-06-11 15:52:28,161 - /home/jammy/PycharmProjects/PyAuto/PyAutoFit/autofit/mapper/link.py - INFO - Source already existed
2020-06-11 15:52:28,166 - /home/jammy/PycharmProjects/PyAuto/PyAutoFit/autofit/mapper/link.py - INFO - Source already existed
2020-06-11 15:55:09,671 - /home/jammy/PycharmProjects/PyAuto/PyAutoFit/autofit/mapper/link.py - INFO - Source already existed
2020-06-11 15:55:09,673 - /home/jammy/PycharmProjects/PyAuto/PyAutoFit/autofit/mapper/link.py - INFO - Source already existed
2020-06-11 15:57:44,429 - /home/jammy/PycharmProjects/PyAuto/PyAutoFit/autofit/mapper/link.py - INFO - Source already existed
2020-06-11 15:57:44,429 - /home/jammy/PycharmProjects/PyAuto/PyAutoFit/autofit/mapper/link.py - INFO - Source already existed
2020-06-11 16:00:20,722 - /home/jammy/PycharmProjects/PyAuto/PyAutoFit/autofit/mapper/link.py - INFO - Source already existed
2020-06-11 16:00:20,725 - /home/jammy/PycharmProjects/PyAuto/PyAutoFit/autofit/mapper/link.py - INFO - Source already existed
2020-06-11 16:02:55,895 - /home/jammy/PycharmProjects/PyAuto/PyAutoFit/autofit/mapper/link.py - INFO - Source already existed
2020-06-11 16:02:55,901 - /home/jammy/PycharmProjects/PyAuto/PyAutoFit/autofit/mapper/link.py - INFO - Source already existed
2020-06-11 16:05:25,723 - /home/jammy/PycharmProjects/PyAuto/PyAutoFit/autofit/mapper/link.py - INFO - Source already existed
2020-06-11 16:05:25,724 - /home/jammy/PycharmProjects/PyAuto/PyAutoFit/autofit/mapper/link.py - INFO - Source already existed
2020-06-11 16:08:12,212 - /home/jammy/PycharmProjects/PyAuto/PyAutoFit/autofit/mapper/link.py - INFO - Source already existed
2020-06-11 16:08:12,213 - /home/jammy/PycharmProjects/PyAuto/PyAutoFit/autofit/mapper/link.py - INFO - Source already existed
2020-06-11 16:10:37,886 - /home/jammy/PycharmProjects/PyAuto/PyAutoFit/autofit/mapper/link.py - INFO - Source already existed
2020-06-11 16:10:37,886 - /home/jammy/PycharmProjects/PyAuto/PyAutoFit/autofit/mapper/link.py - INFO - Source already existed
2020-06-11 16:13:07,730 - /home/jammy/PycharmProjects/PyAuto/PyAutoFit/autofit/mapper/link.py - INFO - Source already existed
2020-06-11 16:13:07,731 - /home/jammy/PycharmProjects/PyAuto/PyAutoFit/autofit/mapper/link.py - INFO - Source already existed
2020-06-11 16:15:23,922 - /home/jammy/PycharmProjects/PyAuto/PyAutoFit/autofit/mapper/link.py - INFO - Source already existed
2020-06-11 16:15:23,923 - /home/jammy/PycharmProjects/PyAuto/PyAutoFit/autofit/mapper/link.py - INFO - Source already existed
2020-06-11 16:18:02,157 - /home/jammy/PycharmProjects/PyAuto/PyAutoFit/autofit/mapper/link.py - INFO - Source already existed
2020-06-11 16:18:02,158 - /home/jammy/PycharmProjects/PyAuto/PyAutoFit/autofit/mapper/link.py - INFO - Source already existed
2020-06-11 16:20:24,455 - /home/jammy/PycharmProjects/PyAuto/PyAutoFit/autofit/mapper/link.py - INFO - Source already existed
2020-06-11 16:20:24,457 - /home/jammy/PycharmProjects/PyAuto/PyAutoFit/autofit/mapper/link.py - INFO - Source already existed
2020-06-11 16:22:49,383 - /home/jammy/PycharmProjects/PyAuto/PyAutoFit/autofit/mapper/link.py - INFO - Source already existed
2020-06-11 16:22:49,384 - /home/jammy/PycharmProjects/PyAuto/PyAutoFit/autofit/mapper/link.py - INFO - Source already existed
2020-06-11 16:24:59,733 - /home/jammy/PycharmProjects/PyAuto/PyAutoFit/autofit/mapper/link.py - INFO - Source already existed
2020-06-11 16:24:59,734 - /home/jammy/PycharmProjects/PyAuto/PyAutoFit/autofit/mapper/link.py - INFO - Source already existed
2020-06-11 16:27:03,430 - /home/jammy/PycharmProjects/PyAuto/PyAutoFit/autofit/mapper/link.py - INFO - Source already existed
2020-06-11 16:27:03,432 - /home/jammy/PycharmProjects/PyAuto/PyAutoFit/autofit/mapper/link.py - INFO - Source already existed
2020-06-11 16:29:40,725 - /home/jammy/PycharmProjects/PyAuto/PyAutoFit/autofit/mapper/link.py - INFO - Source already existed
2020-06-11 16:29:40,727 - /home/jammy/PycharmProjects/PyAuto/PyAutoFit/autofit/mapper/link.py - INFO - Source already existed
2020-06-11 16:32:10,153 - /home/jammy/PycharmProjects/PyAuto/PyAutoFit/autofit/mapper/link.py - INFO - Source already existed
2020-06-11 16:32:10,157 - /home/jammy/PycharmProjects/PyAuto/PyAutoFit/autofit/mapper/link.py - INFO - Source already existed
2020-06-11 16:34:18,519 - /home/jammy/PycharmProjects/PyAuto/PyAutoFit/autofit/mapper/link.py - INFO - Source already existed
2020-06-11 16:34:18,520 - /home/jammy/PycharmProjects/PyAuto/PyAutoFit/autofit/mapper/link.py - INFO - Source already existed
2020-06-11 16:36:43,433 - /home/jammy/PycharmProjects/PyAuto/PyAutoFit/autofit/mapper/link.py - INFO - Source already existed
2020-06-11 16:36:43,435 - /home/jammy/PycharmProjects/PyAuto/PyAutoFit/autofit/mapper/link.py - INFO - Source already existed
2020-06-11 16:39:05,064 - /home/jammy/PycharmProjects/PyAuto/PyAutoFit/autofit/mapper/link.py - INFO - Source already existed
2020-06-11 16:39:05,065 - /home/jammy/PycharmProjects/PyAuto/PyAutoFit/autofit/mapper/link.py - INFO - Source already existed
2020-06-11 16:41:28,151 - /home/jammy/PycharmProjects/PyAuto/PyAutoFit/autofit/mapper/link.py - INFO - Source already existed
2020-06-11 16:41:28,152 - /home/jammy/PycharmProjects/PyAuto/PyAutoFit/autofit/mapper/link.py - INFO - Source already existed
2020-06-11 16:43:48,232 - /home/jammy/PycharmProjects/PyAuto/PyAutoFit/autofit/mapper/link.py - INFO - Source already existed
2020-06-11 16:43:48,233 - /home/jammy/PycharmProjects/PyAuto/PyAutoFit/autofit/mapper/link.py - INFO - Source already existed
2020-06-11 16:47:12,608 - /home/jammy/PycharmProjects/PyAuto/PyAutoFit/autofit/mapper/link.py - INFO - Source already existed
2020-06-11 16:47:12,609 - /home/jammy/PycharmProjects/PyAuto/PyAutoFit/autofit/mapper/link.py - INFO - Source already existed
2020-06-11 16:50:24,497 - /home/jammy/PycharmProjects/PyAuto/PyAutoFit/autofit/mapper/link.py - INFO - Source already existed
2020-06-11 16:50:24,499 - /home/jammy/PycharmProjects/PyAuto/PyAutoFit/autofit/mapper/link.py - INFO - Source already existed
2020-06-11 16:53:27,292 - /home/jammy/PycharmProjects/PyAuto/PyAutoFit/autofit/mapper/link.py - INFO - Source already existed
2020-06-11 16:53:27,293 - /home/jammy/PycharmProjects/PyAuto/PyAutoFit/autofit/mapper/link.py - INFO - Source already existed
2020-06-11 16:56:48,627 - /home/jammy/PycharmProjects/PyAuto/PyAutoFit/autofit/mapper/link.py - INFO - Source already existed
2020-06-11 16:56:48,628 - /home/jammy/PycharmProjects/PyAuto/PyAutoFit/autofit/mapper/link.py - INFO - Source already existed
2020-06-11 17:00:10,617 - /home/jammy/PycharmProjects/PyAuto/PyAutoFit/autofit/mapper/link.py - INFO - Source already existed
2020-06-11 17:00:10,618 - /home/jammy/PycharmProjects/PyAuto/PyAutoFit/autofit/mapper/link.py - INFO - Source already existed
2020-06-11 17:03:39,123 - /home/jammy/PycharmProjects/PyAuto/PyAutoFit/autofit/mapper/link.py - INFO - Source already existed
2020-06-11 17:03:39,125 - /home/jammy/PycharmProjects/PyAuto/PyAutoFit/autofit/mapper/link.py - INFO - Source already existed
2020-06-11 17:08:08,084 - /home/jammy/PycharmProjects/PyAuto/PyAutoFit/autofit/mapper/link.py - INFO - Source already existed
2020-06-11 17:08:08,086 - /home/jammy/PycharmProjects/PyAuto/PyAutoFit/autofit/mapper/link.py - INFO - Source already existed
2020-06-11 17:11:36,087 - /home/jammy/PycharmProjects/PyAuto/PyAutoFit/autofit/mapper/link.py - INFO - Source already existed
2020-06-11 17:11:36,089 - /home/jammy/PycharmProjects/PyAuto/PyAutoFit/autofit/mapper/link.py - INFO - Source already existed
2020-06-11 17:15:15,680 - /home/jammy/PycharmProjects/PyAuto/PyAutoFit/autofit/mapper/link.py - INFO - Source already existed
2020-06-11 17:15:15,682 - /home/jammy/PycharmProjects/PyAuto/PyAutoFit/autofit/mapper/link.py - INFO - Source already existed
2020-06-11 17:18:13,147 - /home/jammy/PycharmProjects/PyAuto/PyAutoFit/autofit/mapper/link.py - INFO - Source already existed
2020-06-11 17:18:13,159 - /home/jammy/PycharmProjects/PyAuto/PyAutoFit/autofit/mapper/link.py - INFO - Source already existed
2020-06-11 17:22:33,725 - /home/jammy/PycharmProjects/PyAuto/PyAutoFit/autofit/mapper/link.py - INFO - Source already existed
2020-06-11 17:22:33,729 - /home/jammy/PycharmProjects/PyAuto/PyAutoFit/autofit/mapper/link.py - INFO - Source already existed
2020-06-11 17:26:18,412 - autofit.tools.pipeline - INFO - Running Phase phase_1__lens_sersic (Number 0)
2020-06-11 17:27:38,646 - autofit.tools.pipeline - INFO - Running Phase phase_1__lens_sersic (Number 0)
2020-06-11 17:28:03,182 - autofit.tools.pipeline - INFO - Running Phase phase_1__lens_sersic (Number 0)
2020-06-11 17:28:30,202 - /home/jammy/PycharmProjects/PyAuto/PyAutoFit/autofit/mapper/link.py - INFO - Source already existed
2020-06-11 17:29:39,601 - /home/jammy/PycharmProjects/PyAuto/PyAutoFit/autofit/mapper/link.py - INFO - Source already existed
2020-06-11 17:29:39,622 - autofit.tools.pipeline - INFO - Running Phase phase_2__lens_sie__source_sersic (Number 1)
2020-06-11 17:31:32,324 - /home/jammy/PycharmProjects/PyAuto/PyAutoFit/autofit/mapper/link.py - INFO - Source already existed
2020-06-11 17:31:32,390 - autofit.tools.pipeline - INFO - Running Phase phase_3__lens_sersic_sie__source_sersic (Number 2)
2020-06-11 17:31:49,967 - /home/jammy/PycharmProjects/PyAuto/PyAutoFit/autofit/mapper/link.py - INFO - Source already existed
2020-06-11 17:31:49,969 - /home/jammy/PycharmProjects/PyAuto/PyAutoFit/autofit/mapper/link.py - INFO - Source already existed
2020-06-11 17:34:04,936 - /home/jammy/PycharmProjects/PyAuto/PyAutoFit/autofit/mapper/link.py - INFO - Source already existed
2020-06-11 17:34:04,937 - /home/jammy/PycharmProjects/PyAuto/PyAutoFit/autofit/mapper/link.py - INFO - Source already existed
2020-06-15 17:01:53,091 - autofit.tools.pipeline - INFO - Running Phase phase_1__lens_sersic (Number 0)
2020-06-15 17:02:29,827 - /home/jammy/PycharmProjects/PyAuto/PyAutoFit/autofit/mapper/link.py - INFO - Source already existed
2020-06-15 17:03:05,982 - /home/jammy/PycharmProjects/PyAuto/PyAutoFit/autofit/mapper/link.py - INFO - Source already existed
2020-06-15 17:03:05,983 - /home/jammy/PycharmProjects/PyAuto/PyAutoFit/autofit/mapper/link.py - INFO - Source already existed
2020-06-15 17:03:40,780 - /home/jammy/PycharmProjects/PyAuto/PyAutoFit/autofit/mapper/link.py - INFO - Source already existed
2020-06-15 17:03:40,781 - /home/jammy/PycharmProjects/PyAuto/PyAutoFit/autofit/mapper/link.py - INFO - Source already existed
2020-06-15 17:03:49,353 - /home/jammy/PycharmProjects/PyAuto/PyAutoFit/autofit/mapper/link.py - INFO - Source already existed
2020-06-15 17:03:49,354 - /home/jammy/PycharmProjects/PyAuto/PyAutoFit/autofit/mapper/link.py - INFO - Source already existed
2020-06-15 17:03:57,334 - /home/jammy/PycharmProjects/PyAuto/PyAutoFit/autofit/mapper/link.py - INFO - Source already existed
2020-06-15 17:03:57,335 - /home/jammy/PycharmProjects/PyAuto/PyAutoFit/autofit/mapper/link.py - INFO - Source already existed
2020-06-15 17:04:10,432 - /home/jammy/PycharmProjects/PyAuto/PyAutoFit/autofit/mapper/link.py - INFO - Source already existed
2020-06-15 17:04:10,445 - autofit.tools.pipeline - INFO - Running Phase phase_2__lens_sie__source_sersic (Number 1)
2020-06-15 17:05:20,060 - /home/jammy/PycharmProjects/PyAuto/PyAutoFit/autofit/mapper/link.py - INFO - Source already existed
2020-06-15 17:06:40,287 - /home/jammy/PycharmProjects/PyAuto/PyAutoFit/autofit/mapper/link.py - INFO - Source already existed
2020-06-15 17:06:40,288 - /home/jammy/PycharmProjects/PyAuto/PyAutoFit/autofit/mapper/link.py - INFO - Source already existed
2020-06-15 17:07:58,158 - /home/jammy/PycharmProjects/PyAuto/PyAutoFit/autofit/mapper/link.py - INFO - Source already existed
2020-06-15 17:07:58,158 - /home/jammy/PycharmProjects/PyAuto/PyAutoFit/autofit/mapper/link.py - INFO - Source already existed
2020-06-15 17:09:13,092 - /home/jammy/PycharmProjects/PyAuto/PyAutoFit/autofit/mapper/link.py - INFO - Source already existed
2020-06-15 17:09:13,092 - /home/jammy/PycharmProjects/PyAuto/PyAutoFit/autofit/mapper/link.py - INFO - Source already existed
2020-06-15 17:10:27,137 - /home/jammy/PycharmProjects/PyAuto/PyAutoFit/autofit/mapper/link.py - INFO - Source already existed
2020-06-15 17:10:27,138 - /home/jammy/PycharmProjects/PyAuto/PyAutoFit/autofit/mapper/link.py - INFO - Source already existed
2020-06-15 17:11:44,345 - /home/jammy/PycharmProjects/PyAuto/PyAutoFit/autofit/mapper/link.py - INFO - Source already existed
2020-06-15 17:11:44,345 - /home/jammy/PycharmProjects/PyAuto/PyAutoFit/autofit/mapper/link.py - INFO - Source already existed
2020-06-15 17:13:00,112 - /home/jammy/PycharmProjects/PyAuto/PyAutoFit/autofit/mapper/link.py - INFO - Source already existed
2020-06-15 17:13:00,112 - /home/jammy/PycharmProjects/PyAuto/PyAutoFit/autofit/mapper/link.py - INFO - Source already existed
2020-06-15 17:14:16,099 - /home/jammy/PycharmProjects/PyAuto/PyAutoFit/autofit/mapper/link.py - INFO - Source already existed
2020-06-15 17:14:16,099 - /home/jammy/PycharmProjects/PyAuto/PyAutoFit/autofit/mapper/link.py - INFO - Source already existed
2020-06-15 17:15:31,371 - /home/jammy/PycharmProjects/PyAuto/PyAutoFit/autofit/mapper/link.py - INFO - Source already existed
2020-06-15 17:15:31,372 - /home/jammy/PycharmProjects/PyAuto/PyAutoFit/autofit/mapper/link.py - INFO - Source already existed
2020-06-15 17:16:46,473 - /home/jammy/PycharmProjects/PyAuto/PyAutoFit/autofit/mapper/link.py - INFO - Source already existed
2020-06-15 17:16:46,474 - /home/jammy/PycharmProjects/PyAuto/PyAutoFit/autofit/mapper/link.py - INFO - Source already existed
2020-06-15 17:18:01,558 - /home/jammy/PycharmProjects/PyAuto/PyAutoFit/autofit/mapper/link.py - INFO - Source already existed
2020-06-15 17:18:01,558 - /home/jammy/PycharmProjects/PyAuto/PyAutoFit/autofit/mapper/link.py - INFO - Source already existed
2020-06-15 17:19:16,386 - /home/jammy/PycharmProjects/PyAuto/PyAutoFit/autofit/mapper/link.py - INFO - Source already existed
2020-06-15 17:19:16,387 - /home/jammy/PycharmProjects/PyAuto/PyAutoFit/autofit/mapper/link.py - INFO - Source already existed
2020-06-15 17:20:32,095 - /home/jammy/PycharmProjects/PyAuto/PyAutoFit/autofit/mapper/link.py - INFO - Source already existed
2020-06-15 17:20:32,095 - /home/jammy/PycharmProjects/PyAuto/PyAutoFit/autofit/mapper/link.py - INFO - Source already existed
2020-06-15 17:21:47,301 - /home/jammy/PycharmProjects/PyAuto/PyAutoFit/autofit/mapper/link.py - INFO - Source already existed
2020-06-15 17:21:47,302 - /home/jammy/PycharmProjects/PyAuto/PyAutoFit/autofit/mapper/link.py - INFO - Source already existed
2020-06-15 17:23:04,370 - /home/jammy/PycharmProjects/PyAuto/PyAutoFit/autofit/mapper/link.py - INFO - Source already existed
2020-06-15 17:23:04,371 - /home/jammy/PycharmProjects/PyAuto/PyAutoFit/autofit/mapper/link.py - INFO - Source already existed
2020-06-15 17:24:20,974 - /home/jammy/PycharmProjects/PyAuto/PyAutoFit/autofit/mapper/link.py - INFO - Source already existed
2020-06-15 17:24:20,975 - /home/jammy/PycharmProjects/PyAuto/PyAutoFit/autofit/mapper/link.py - INFO - Source already existed
2020-06-15 17:25:37,815 - /home/jammy/PycharmProjects/PyAuto/PyAutoFit/autofit/mapper/link.py - INFO - Source already existed
2020-06-15 17:25:37,815 - /home/jammy/PycharmProjects/PyAuto/PyAutoFit/autofit/mapper/link.py - INFO - Source already existed
2020-06-15 17:26:54,438 - /home/jammy/PycharmProjects/PyAuto/PyAutoFit/autofit/mapper/link.py - INFO - Source already existed
2020-06-15 17:26:54,439 - /home/jammy/PycharmProjects/PyAuto/PyAutoFit/autofit/mapper/link.py - INFO - Source already existed
2020-06-15 17:28:11,387 - /home/jammy/PycharmProjects/PyAuto/PyAutoFit/autofit/mapper/link.py - INFO - Source already existed
2020-06-15 17:28:11,388 - /home/jammy/PycharmProjects/PyAuto/PyAutoFit/autofit/mapper/link.py - INFO - Source already existed
2020-06-15 17:29:27,413 - /home/jammy/PycharmProjects/PyAuto/PyAutoFit/autofit/mapper/link.py - INFO - Source already existed
2020-06-15 17:29:27,414 - /home/jammy/PycharmProjects/PyAuto/PyAutoFit/autofit/mapper/link.py - INFO - Source already existed
2020-06-15 17:30:44,406 - /home/jammy/PycharmProjects/PyAuto/PyAutoFit/autofit/mapper/link.py - INFO - Source already existed
2020-06-15 17:30:44,407 - /home/jammy/PycharmProjects/PyAuto/PyAutoFit/autofit/mapper/link.py - INFO - Source already existed
2020-06-15 17:32:01,671 - /home/jammy/PycharmProjects/PyAuto/PyAutoFit/autofit/mapper/link.py - INFO - Source already existed
2020-06-15 17:32:01,673 - /home/jammy/PycharmProjects/PyAuto/PyAutoFit/autofit/mapper/link.py - INFO - Source already existed
2020-06-15 17:33:18,356 - /home/jammy/PycharmProjects/PyAuto/PyAutoFit/autofit/mapper/link.py - INFO - Source already existed
2020-06-15 17:33:18,357 - /home/jammy/PycharmProjects/PyAuto/PyAutoFit/autofit/mapper/link.py - INFO - Source already existed
2020-06-15 17:34:51,028 - /home/jammy/PycharmProjects/PyAuto/PyAutoFit/autofit/mapper/link.py - INFO - Source already existed
2020-06-15 17:34:51,030 - /home/jammy/PycharmProjects/PyAuto/PyAutoFit/autofit/mapper/link.py - INFO - Source already existed
2020-06-15 17:36:21,142 - /home/jammy/PycharmProjects/PyAuto/PyAutoFit/autofit/mapper/link.py - INFO - Source already existed
2020-06-15 17:36:21,143 - /home/jammy/PycharmProjects/PyAuto/PyAutoFit/autofit/mapper/link.py - INFO - Source already existed
2020-06-15 17:37:44,229 - /home/jammy/PycharmProjects/PyAuto/PyAutoFit/autofit/mapper/link.py - INFO - Source already existed
2020-06-15 17:37:44,230 - /home/jammy/PycharmProjects/PyAuto/PyAutoFit/autofit/mapper/link.py - INFO - Source already existed
2020-06-15 17:39:07,012 - /home/jammy/PycharmProjects/PyAuto/PyAutoFit/autofit/mapper/link.py - INFO - Source already existed
2020-06-15 17:39:07,013 - /home/jammy/PycharmProjects/PyAuto/PyAutoFit/autofit/mapper/link.py - INFO - Source already existed
2020-06-15 17:40:33,674 - /home/jammy/PycharmProjects/PyAuto/PyAutoFit/autofit/mapper/link.py - INFO - Source already existed
2020-06-15 17:40:33,676 - /home/jammy/PycharmProjects/PyAuto/PyAutoFit/autofit/mapper/link.py - INFO - Source already existed
2020-06-15 17:41:59,163 - /home/jammy/PycharmProjects/PyAuto/PyAutoFit/autofit/mapper/link.py - INFO - Source already existed
2020-06-15 17:41:59,165 - /home/jammy/PycharmProjects/PyAuto/PyAutoFit/autofit/mapper/link.py - INFO - Source already existed
2020-06-15 17:43:28,504 - /home/jammy/PycharmProjects/PyAuto/PyAutoFit/autofit/mapper/link.py - INFO - Source already existed
2020-06-15 17:43:28,506 - /home/jammy/PycharmProjects/PyAuto/PyAutoFit/autofit/mapper/link.py - INFO - Source already existed
2020-06-15 17:44:52,308 - /home/jammy/PycharmProjects/PyAuto/PyAutoFit/autofit/mapper/link.py - INFO - Source already existed
2020-06-15 17:44:52,310 - /home/jammy/PycharmProjects/PyAuto/PyAutoFit/autofit/mapper/link.py - INFO - Source already existed
2020-06-15 17:46:18,688 - /home/jammy/PycharmProjects/PyAuto/PyAutoFit/autofit/mapper/link.py - INFO - Source already existed
2020-06-15 17:46:18,689 - /home/jammy/PycharmProjects/PyAuto/PyAutoFit/autofit/mapper/link.py - INFO - Source already existed
2020-06-15 17:47:43,249 - /home/jammy/PycharmProjects/PyAuto/PyAutoFit/autofit/mapper/link.py - INFO - Source already existed
2020-06-15 17:47:43,250 - /home/jammy/PycharmProjects/PyAuto/PyAutoFit/autofit/mapper/link.py - INFO - Source already existed
2020-06-15 17:48:36,825 - /home/jammy/PycharmProjects/PyAuto/PyAutoFit/autofit/mapper/link.py - INFO - Source already existed
2020-06-15 17:48:36,828 - /home/jammy/PycharmProjects/PyAuto/PyAutoFit/autofit/mapper/link.py - INFO - Source already existed
2020-06-15 17:48:56,210 - /home/jammy/PycharmProjects/PyAuto/PyAutoFit/autofit/mapper/link.py - INFO - Source already existed
2020-06-15 17:48:56,212 - /home/jammy/PycharmProjects/PyAuto/PyAutoFit/autofit/mapper/link.py - INFO - Source already existed
2020-06-15 17:49:16,470 - /home/jammy/PycharmProjects/PyAuto/PyAutoFit/autofit/mapper/link.py - INFO - Source already existed
2020-06-15 17:49:16,471 - /home/jammy/PycharmProjects/PyAuto/PyAutoFit/autofit/mapper/link.py - INFO - Source already existed
2020-06-15 17:49:42,309 - /home/jammy/PycharmProjects/PyAuto/PyAutoFit/autofit/mapper/link.py - INFO - Source already existed
2020-06-15 17:49:42,332 - autofit.tools.pipeline - INFO - Running Phase phase_3__lens_sersic_sie__source_sersic (Number 2)
2020-06-15 17:49:47,233 - /home/jammy/PycharmProjects/PyAuto/PyAutoFit/autofit/mapper/link.py - INFO - Source already existed
2020-06-15 17:50:12,620 - /home/jammy/PycharmProjects/PyAuto/PyAutoFit/autofit/mapper/link.py - INFO - Source already existed
2020-06-15 17:50:56,874 - /home/jammy/PycharmProjects/PyAuto/PyAutoFit/autofit/mapper/link.py - INFO - Source already existed
2020-06-15 17:50:56,874 - /home/jammy/PycharmProjects/PyAuto/PyAutoFit/autofit/mapper/link.py - INFO - Source already existed
2020-06-15 17:52:05,305 - /home/jammy/PycharmProjects/PyAuto/PyAutoFit/autofit/mapper/link.py - INFO - Source already existed
2020-06-15 17:52:05,306 - /home/jammy/PycharmProjects/PyAuto/PyAutoFit/autofit/mapper/link.py - INFO - Source already existed
2020-06-15 17:53:10,456 - /home/jammy/PycharmProjects/PyAuto/PyAutoFit/autofit/mapper/link.py - INFO - Source already existed
2020-06-15 17:53:10,456 - /home/jammy/PycharmProjects/PyAuto/PyAutoFit/autofit/mapper/link.py - INFO - Source already existed
2020-06-15 17:54:11,342 - /home/jammy/PycharmProjects/PyAuto/PyAutoFit/autofit/mapper/link.py - INFO - Source already existed
2020-06-15 17:54:11,342 - /home/jammy/PycharmProjects/PyAuto/PyAutoFit/autofit/mapper/link.py - INFO - Source already existed
2020-06-15 17:55:35,609 - /home/jammy/PycharmProjects/PyAuto/PyAutoFit/autofit/mapper/link.py - INFO - Source already existed
2020-06-15 17:55:35,610 - /home/jammy/PycharmProjects/PyAuto/PyAutoFit/autofit/mapper/link.py - INFO - Source already existed
2020-06-15 17:56:46,301 - /home/jammy/PycharmProjects/PyAuto/PyAutoFit/autofit/mapper/link.py - INFO - Source already existed
2020-06-15 17:56:46,302 - /home/jammy/PycharmProjects/PyAuto/PyAutoFit/autofit/mapper/link.py - INFO - Source already existed
2020-06-15 17:58:16,033 - /home/jammy/PycharmProjects/PyAuto/PyAutoFit/autofit/mapper/link.py - INFO - Source already existed
2020-06-15 17:58:16,033 - /home/jammy/PycharmProjects/PyAuto/PyAutoFit/autofit/mapper/link.py - INFO - Source already existed
2020-06-15 17:59:16,954 - /home/jammy/PycharmProjects/PyAuto/PyAutoFit/autofit/mapper/link.py - INFO - Source already existed
2020-06-15 17:59:16,955 - /home/jammy/PycharmProjects/PyAuto/PyAutoFit/autofit/mapper/link.py - INFO - Source already existed
2020-06-15 18:00:27,156 - /home/jammy/PycharmProjects/PyAuto/PyAutoFit/autofit/mapper/link.py - INFO - Source already existed
2020-06-15 18:00:27,156 - /home/jammy/PycharmProjects/PyAuto/PyAutoFit/autofit/mapper/link.py - INFO - Source already existed
2020-06-15 18:01:30,164 - /home/jammy/PycharmProjects/PyAuto/PyAutoFit/autofit/mapper/link.py - INFO - Source already existed
2020-06-15 18:01:30,165 - /home/jammy/PycharmProjects/PyAuto/PyAutoFit/autofit/mapper/link.py - INFO - Source already existed
2020-06-15 18:02:36,579 - /home/jammy/PycharmProjects/PyAuto/PyAutoFit/autofit/mapper/link.py - INFO - Source already existed
2020-06-15 18:02:36,580 - /home/jammy/PycharmProjects/PyAuto/PyAutoFit/autofit/mapper/link.py - INFO - Source already existed
2020-06-15 18:04:08,302 - /home/jammy/PycharmProjects/PyAuto/PyAutoFit/autofit/mapper/link.py - INFO - Source already existed
2020-06-15 18:04:08,303 - /home/jammy/PycharmProjects/PyAuto/PyAutoFit/autofit/mapper/link.py - INFO - Source already existed
2020-06-15 18:05:13,760 - /home/jammy/PycharmProjects/PyAuto/PyAutoFit/autofit/mapper/link.py - INFO - Source already existed
2020-06-15 18:05:13,760 - /home/jammy/PycharmProjects/PyAuto/PyAutoFit/autofit/mapper/link.py - INFO - Source already existed
2020-06-15 18:06:20,644 - /home/jammy/PycharmProjects/PyAuto/PyAutoFit/autofit/mapper/link.py - INFO - Source already existed
2020-06-15 18:06:20,645 - /home/jammy/PycharmProjects/PyAuto/PyAutoFit/autofit/mapper/link.py - INFO - Source already existed
2020-06-15 18:07:31,642 - /home/jammy/PycharmProjects/PyAuto/PyAutoFit/autofit/mapper/link.py - INFO - Source already existed
2020-06-15 18:07:31,643 - /home/jammy/PycharmProjects/PyAuto/PyAutoFit/autofit/mapper/link.py - INFO - Source already existed
2020-06-15 18:08:37,487 - /home/jammy/PycharmProjects/PyAuto/PyAutoFit/autofit/mapper/link.py - INFO - Source already existed
2020-06-15 18:08:37,487 - /home/jammy/PycharmProjects/PyAuto/PyAutoFit/autofit/mapper/link.py - INFO - Source already existed
2020-06-15 18:09:50,632 - /home/jammy/PycharmProjects/PyAuto/PyAutoFit/autofit/mapper/link.py - INFO - Source already existed
2020-06-15 18:09:50,632 - /home/jammy/PycharmProjects/PyAuto/PyAutoFit/autofit/mapper/link.py - INFO - Source already existed
2020-06-15 18:11:10,711 - /home/jammy/PycharmProjects/PyAuto/PyAutoFit/autofit/mapper/link.py - INFO - Source already existed
2020-06-15 18:11:10,712 - /home/jammy/PycharmProjects/PyAuto/PyAutoFit/autofit/mapper/link.py - INFO - Source already existed
