phase_1__lens_sie__source_sersic took 1 day, 1:09:10.315912 to run
phase_1__source_inversion_initialization took 0:02:48.562608 to run
phase_2__lens_sie__source_inversion took 0:13:34.028008 to run
phase_1__lens_sie__source_sersic took 1 day, 2:55:10.481110 to run
phase_1__source_inversion_initialization took 1:46:36.618407 to run
phase_2__lens_sie__source_inversion took 1:44:35.571030 to run
phase_1__lens_sie__source_sersic took 1 day, 3:00:12.002851 to run
phase_1__source_inversion_initialization took 1:51:57.343404 to run
phase_2__lens_sie__source_inversion took 1:50:22.932910 to run
phase_1__lens_sie__source_sersic took 1 day, 3:06:11.750909 to run
phase_1__source_inversion_initialization took 0:05:32.045233 to run
phase_2__lens_sie__source_inversion took 0:34:40.924787 to run
phase_1__lens_sie__source_sersic took 1 day, 9:28:56.516337 to run
phase_1__source_inversion_initialization took 6:24:07.573645 to run
phase_2__lens_sie__source_inversion took 6:19:53.135034 to run
phase_1__lens_sie__source_sersic took 1 day, 19:53:31.589651 to run
phase_1__source_inversion_initialization took 16:48:07.518708 to run
phase_2__lens_sie__source_inversion took 16:43:13.289577 to run
phase_1__lens_sie__source_sersic took 1 day, 20:11:08.799957 to run
phase_1__source_inversion_initialization took 17:05:59.697406 to run
phase_2__lens_sie__source_inversion took 17:01:22.055406 to run
phase_1__lens_sie__source_sersic took 1 day, 21:21:48.203765 to run
phase_1__source_inversion_initialization took 18:16:47.584932 to run
phase_2__lens_sie__source_inversion took 18:12:11.463237 to run
phase_1__lens_sie__source_sersic took 1 day, 23:55:02.781437 to run
phase_1__source_inversion_initialization took 20:50:10.544405 to run
phase_2__lens_sie__source_inversion took 20:45:58.170603 to run
phase_1__lens_sie__source_sersic took 2 days, 0:14:53.882711 to run
phase_1__source_inversion_initialization took 21:10:08.046693 to run
phase_2__lens_sie__source_inversion took 21:05:51.425904 to run
phase_1__lens_sie__source_sersic took 3 days, 19:35:19.409755 to run
phase_1__source_inversion_initialization took 2 days, 16:30:19.063857 to run
phase_2__lens_sie__source_inversion took 2 days, 16:26:12.705916 to run
