phase_1__lens_sie__source_sersic/hyper_combined_phase_tag__sub_2 took 0:03:14.422152 to run
phase_1__source_inversion_magnification_initialization took 0:09:43.998333 to run
phase_1__lens_sie__source_sersic/hyper_combined_phase_tag__sub_2 took 0:47:51.163487 to run
phase_1__source_inversion_magnification_initialization took 0:46:14.229036 to run
phase_1__lens_sie__source_sersic/hyper_combined_phase_tag__sub_2 took 0:54:20.660753 to run
phase_1__source_inversion_magnification_initialization took 0:51:59.388035 to run
phase_1__lens_sie__source_sersic/hyper_combined_phase_tag__sub_2 took 1:04:54.116085 to run
phase_1__source_inversion_magnification_initialization took 1:02:58.305297 to run
phase_1__lens_sie__source_sersic/hyper_combined_phase_tag__sub_2 took 1:12:24.985239 to run
phase_1__source_inversion_magnification_initialization took 1:10:01.524702 to run
phase_1__lens_sie__source_sersic/hyper_combined_phase_tag__sub_2 took 16:25:35.317105 to run
phase_1__source_inversion_magnification_initialization took 16:23:21.321976 to run
phase_1__lens_sie__source_sersic/hyper_combined_phase_tag__sub_2 took 16:42:16.867562 to run
phase_1__source_inversion_magnification_initialization took 16:38:51.655390 to run
phase_1__lens_sie__source_sersic/hyper_combined_phase_tag__sub_2 took 16:46:04.589947 to run
phase_1__lens_sie__source_sersic/hyper_combined_phase_tag__sub_2 took 16:47:57.152362 to run
phase_1__source_inversion_magnification_initialization took 0:09:48.706689 to run
phase_1__lens_sie__source_sersic/hyper_combined_phase_tag__sub_2 took 21:47:34.814332 to run
phase_1__lens_power_law__source_sersic took 0:39:53.274414 to run
phase_1__lens_sie__source_sersic/hyper_combined_phase_tag__sub_2 took 2 days, 15:41:29.026726 to run
phase_1__lens_power_law__source_sersic took 1 day, 17:56:03.651809 to run
phase_1__lens_sie__source_sersic/hyper_combined_phase_tag__sub_2 took 2 days, 15:47:55.591189 to run
phase_1__lens_sie__source_sersic/hyper_combined_phase_tag__sub_2 took 2 days, 15:51:19.488686 to run
phase_1__source_inversion_magnification_initialization took 1 day, 23:04:44.908775 to run
phase_1__lens_sie__source_sersic/hyper_combined_phase_tag__sub_2 took 2 days, 16:03:43.882069 to run
phase_1__source_inversion_magnification_initialization took 1 day, 23:16:41.941809 to run
phase_1__lens_sie__source_sersic/hyper_combined_phase_tag__sub_2 took 2 days, 16:09:34.168372 to run
phase_1__source_inversion_magnification_initialization took 1 day, 23:22:32.500705 to run
phase_1__lens_sie__source_sersic/hyper_combined_phase_tag__sub_2 took 2 days, 16:14:37.496061 to run
phase_1__source_inversion_magnification_initialization took 1 day, 23:27:33.299489 to run
phase_1__lens_sie__source_sersic/hyper_combined_phase_tag__sub_2 took 2 days, 16:47:23.756948 to run
phase_1__source_inversion_magnification_initialization took 2 days, 0:00:20.231702 to run
phase_1__lens_sie__source_sersic/hyper_combined_phase_tag__sub_2 took 5 days, 16:21:29.409600 to run
phase_1__source_inversion_magnification_initialization took 4 days, 23:34:22.872834 to run
phase_1__lens_sie__source_sersic/hyper_combined_phase_tag__sub_2 took 5 days, 20:40:21.657514 to run
phase_1__source_inversion_magnification_initialization took 5 days, 3:53:19.355264 to run
phase_1__lens_sie__source_sersic/hyper_combined_phase_tag__sub_2 took 5 days, 20:53:51.473031 to run
phase_1__lens_sie__source_sersic/hyper_combined_phase_tag__sub_2 took 5 days, 20:55:21.578435 to run
phase_1__source_inversion_magnification_initialization took 5 days, 4:07:25.339478 to run
phase_1__lens_sie__source_sersic/hyper_combined_phase_tag__sub_2 took 5 days, 20:56:22.391943 to run
phase_1__source_inversion_magnification_initialization took 5 days, 4:08:26.750680 to run
phase_1__lens_sie__source_sersic/hyper_combined_phase_tag__sub_2 took 5 days, 21:00:30.988896 to run
phase_1__source_inversion_magnification_initialization took 5 days, 4:12:35.732053 to run
